<?xml version="1.0" encoding="UTF-8"?>
<!-- Generated by org.testng.reporters.JUnitReportReporter -->
<testsuite hostname="samuel-andoh" name="LoginSuit.bAppTest" tests="1" failures="0" timestamp="5 Oct 2016 19:05:13 GMT" time="179.910" errors="0">
  <testcase name="Fileupload" time="179.910" classname="LoginSuit.bAppTest"/>
</testsuite> <!-- LoginSuit.bAppTest -->
