<?xml version="1.0" encoding="UTF-8"?>
<!-- Generated by org.testng.reporters.JUnitReportReporter -->
<testsuite hostname="samuel-andoh" name="LoginSuit.bAppTest" tests="1" failures="0" timestamp="7 Oct 2016 20:14:06 GMT" time="166.587" errors="0">
  <testcase name="Fileupload" time="166.587" classname="LoginSuit.bAppTest"/>
</testsuite> <!-- LoginSuit.bAppTest -->
