<?xml version="1.0" encoding="UTF-8"?>
<!-- Generated by org.testng.reporters.JUnitReportReporter -->
<testsuite hostname="samuel-andoh" name="LoginSuit.bAppTest" tests="1" failures="0" timestamp="5 Oct 2016 16:56:48 GMT" time="40.503" errors="0">
  <testcase name="Fileupload" time="40.503" classname="LoginSuit.bAppTest"/>
</testsuite> <!-- LoginSuit.bAppTest -->
