<?xml version="1.0" encoding="UTF-8"?>
<!-- Generated by org.testng.reporters.JUnitReportReporter -->
<testsuite hostname="samuel-andoh" name="LoginSuit.loginTest" tests="2" failures="0" timestamp="7 Oct 2016 23:11:47 GMT" time="32.185" errors="0">
  <testcase name="app_gmailAccountTest" time="18.678" classname="LoginSuit.loginTest"/>
  <testcase name="app_Test" time="13.507" classname="LoginSuit.loginTest"/>
</testsuite> <!-- LoginSuit.loginTest -->
