<?xml version="1.0" encoding="UTF-8"?>
<!-- Generated by org.testng.reporters.JUnitReportReporter -->
<testsuite hostname="samuel-andoh" name="LoginSuit.loginTest" tests="2" failures="0" timestamp="8 Oct 2016 00:15:30 GMT" time="30.195" errors="0">
  <testcase name="app_Test" time="12.984" classname="LoginSuit.loginTest"/>
  <testcase name="app_gmailAccountTest" time="17.211" classname="LoginSuit.loginTest"/>
</testsuite> <!-- LoginSuit.loginTest -->
