<?xml version="1.0" encoding="UTF-8"?>
<!-- Generated by org.testng.reporters.JUnitReportReporter -->
<testsuite hostname="samuel-andoh" name="LoginSuit.cAppTest" tests="1" failures="0" timestamp="8 Oct 2016 00:15:30 GMT" time="9.950" errors="0">
  <testcase name="bingSearchTest2" time="9.950" classname="LoginSuit.cAppTest"/>
</testsuite> <!-- LoginSuit.cAppTest -->
