<?xml version="1.0" encoding="UTF-8"?>
<!-- Generated by org.testng.reporters.JUnitReportReporter -->
<testsuite hostname="samuel-andoh" name="loginTest.loginTest" tests="2" failures="0" timestamp="4 Oct 2016 20:52:25 GMT" time="27.340" errors="0">
  <testcase name="app_gmailAccountTest" time="15.142" classname="loginTest.loginTest"/>
  <testcase name="app_Test" time="12.198" classname="loginTest.loginTest"/>
</testsuite> <!-- loginTest.loginTest -->
