<?xml version="1.0" encoding="UTF-8"?>
<!-- Generated by org.testng.reporters.JUnitReportReporter -->
<testsuite hostname="samuel-andoh" name="loginTest.cAppTest" tests="1" failures="0" timestamp="4 Oct 2016 20:52:25 GMT" time="14.406" errors="0">
  <testcase name="bingSearchTest2" time="14.406" classname="loginTest.cAppTest"/>
</testsuite> <!-- loginTest.cAppTest -->
