<?xml version="1.0" encoding="UTF-8"?>
<!-- Generated by org.testng.reporters.JUnitReportReporter -->
<testsuite hostname="samuel-andoh" name="loginTest.loginTest" tests="2" failures="0" timestamp="20 Sep 2016 07:34:29 GMT" time="33.360" errors="0">
  <testcase name="app_gmailAccountTest" time="18.714" classname="loginTest.loginTest"/>
  <testcase name="app_Test" time="14.646" classname="loginTest.loginTest"/>
</testsuite> <!-- loginTest.loginTest -->
