<?xml version="1.0" encoding="UTF-8"?>
<!-- Generated by org.testng.reporters.JUnitReportReporter -->
<testsuite hostname="samuel-andoh" name="LoginSuit.bAppTest" tests="1" failures="0" timestamp="8 Oct 2016 00:15:30 GMT" time="167.708" errors="0">
  <testcase name="Fileupload" time="167.708" classname="LoginSuit.bAppTest"/>
</testsuite> <!-- LoginSuit.bAppTest -->
