<?xml version="1.0" encoding="UTF-8"?>
<!-- Generated by org.testng.reporters.JUnitReportReporter -->
<testsuite hostname="samuel-andoh" name="loginTest.loginTest" tests="2" failures="0" timestamp="20 Sep 2016 15:42:28 GMT" time="32.434" errors="0">
  <testcase name="app_Test" time="14.634" classname="loginTest.loginTest"/>
  <testcase name="app_gmailAccountTest" time="17.800" classname="loginTest.loginTest"/>
</testsuite> <!-- loginTest.loginTest -->
