<?xml version="1.0" encoding="UTF-8"?>
<!-- Generated by org.testng.reporters.JUnitReportReporter -->
<testsuite hostname="samuel-andoh" name="loginTest.eLoginPageTest" tests="1" failures="0" timestamp="4 Oct 2016 20:52:25 GMT" time="274.173" errors="0">
  <testcase name="parameterTestData" time="274.173" classname="loginTest.eLoginPageTest"/>
</testsuite> <!-- loginTest.eLoginPageTest -->
